Using pre-set license
Built from '2020.2/release' branch; Version is '2020.2.2f1 (068178b99f32) revision 426360'; Using compiler version '192528614'; Build Type 'Release'
OS: 'Windows 10 Home; OS build 19042.985; Version 2009; 64bit' Language: 'en' Physical Memory: 32173 MB
BatchMode: 1, IsHumanControllingUs: 0, StartBugReporterOnCrash: 0, Is64bit: 1, IsPro: 0

 COMMAND LINE ARGUMENTS:
C:\Program Files\Unity\Hub\Editor\2020.2.2f1\Editor\Unity.exe
-adb2
-batchMode
-noUpm
-name
AssetImportWorker0
-projectPath
C:/Users/joshm/Documents/TAFE/Assignment 2 - Mobile Development/Mobile-Shmup
-logFile
Logs/AssetImportWorker0.log
-srvPort
58357
Successfully changed project path to: C:/Users/joshm/Documents/TAFE/Assignment 2 - Mobile Development/Mobile-Shmup
C:/Users/joshm/Documents/TAFE/Assignment 2 - Mobile Development/Mobile-Shmup
Using Asset Import Pipeline V2.
Refreshing native plugins compatible for Editor in 65.24 ms, found 1 plugins.
Preloading 0 native plugins for Editor in 0.00 ms.
Initialize engine version: 2020.2.2f1 (068178b99f32)
[Subsystems] Discovering subsystems at path C:/Program Files/Unity/Hub/Editor/2020.2.2f1/Editor/Data/Resources/UnitySubsystems
[Subsystems] Discovering subsystems at path C:/Users/joshm/Documents/TAFE/Assignment 2 - Mobile Development/Mobile-Shmup/Assets
GfxDevice: creating device client; threaded=0
Direct3D:
    Version:  Direct3D 11.0 [level 11.1]
    Renderer: NVIDIA GeForce GTX 1660 Ti (ID=0x2191)
    Vendor:   
    VRAM:     5991 MB
    Driver:   27.21.14.5763
Initialize mono
Mono path[0] = 'C:/Program Files/Unity/Hub/Editor/2020.2.2f1/Editor/Data/Managed'
Mono path[1] = 'C:/Program Files/Unity/Hub/Editor/2020.2.2f1/Editor/Data/MonoBleedingEdge/lib/mono/unityjit'
Mono config path = 'C:/Program Files/Unity/Hub/Editor/2020.2.2f1/Editor/Data/MonoBleedingEdge/etc'
Using monoOptions --debugger-agent=transport=dt_socket,embedding=1,server=y,suspend=n,address=127.0.0.1:56408
Begin MonoManager ReloadAssembly
Registering precompiled unity dll's ...
Register platform support module: C:/Program Files/Unity/Hub/Editor/2020.2.2f1/Editor/Data/PlaybackEngines/WindowsStandaloneSupport/UnityEditor.WindowsStandalone.Extensions.dll
Registered in 0.003916 seconds.
Native extension for WindowsStandalone target not found
Refreshing native plugins compatible for Editor in 54.86 ms, found 1 plugins.
Preloading 0 native plugins for Editor in 0.00 ms.
Invoked RoslynAnalysisRunner static constructor.
RoslynAnalysisRunner will not be running.
RoslynAnalysisRunner has terminated.
Mono: successfully reloaded assembly
- Completed reload, in  2.940 seconds
Platform modules already initialized, skipping
Registering precompiled user dll's ...
Registered in 0.001973 seconds.
Begin MonoManager ReloadAssembly
Native extension for WindowsStandalone target not found
Refreshing native plugins compatible for Editor in 64.24 ms, found 1 plugins.
Preloading 0 native plugins for Editor in 0.00 ms.
Invoked RoslynAnalysisRunner static constructor.
RoslynAnalysisRunner will not be running.
RoslynAnalysisRunner has terminated.
Mono: successfully reloaded assembly
- Completed reload, in  1.413 seconds
Platform modules already initialized, skipping
========================================================================
Worker process is ready to serve import requests
Launched and connected shader compiler UnityShaderCompiler.exe after 0.07 seconds
Refreshing native plugins compatible for Editor in 0.44 ms, found 1 plugins.
Preloading 0 native plugins for Editor in 0.00 ms.
Unloading 1820 Unused Serialized files (Serialized files now loaded: 0)
System memory in use before: 87.6 MB.
System memory in use after: 87.6 MB.

Unloading 24 unused Assets to reduce memory usage. Loaded Objects now: 2265.
Total: 3.664300 ms (FindLiveObjects: 0.320100 ms CreateObjectMapping: 0.118800 ms MarkObjects: 3.048100 ms  DeleteObjects: 0.175000 ms)

========================================================================
Received Import Request.
  path: Assets/Scripts/Bullets/BulletCore.cs
  artifactKey: Guid(6a10965dc50ab494bbfa52c5caeba66e) Importer(815301076,1909f56bfc062723c751e8b465ee728b)
Start importing Assets/Scripts/Bullets/BulletCore.cs using Guid(6a10965dc50ab494bbfa52c5caeba66e) Importer(815301076,1909f56bfc062723c751e8b465ee728b)  -> (artifact id: '9f8dc64d4104d5b72f254521f62b411a') in 0.045305 seconds
  Import took 0.051052 seconds .

========================================================================
Received Import Request.
  Time since last request: 12.538775 seconds.
  path: Assets/Scripts/Core/GameManager.cs
  artifactKey: Guid(8416940b5bf45fc498ded625ce40cc98) Importer(815301076,1909f56bfc062723c751e8b465ee728b)
Start importing Assets/Scripts/Core/GameManager.cs using Guid(8416940b5bf45fc498ded625ce40cc98) Importer(815301076,1909f56bfc062723c751e8b465ee728b)  -> (artifact id: '65a6bba2e43905bf80308e3288db0f62') in 0.015117 seconds
  Import took 0.020705 seconds .

========================================================================
Received Import Request.
  Time since last request: 2.106074 seconds.
  path: Assets/Scripts/Core/BulletPool.cs
  artifactKey: Guid(caae4da3c937e0348a163db791bf4ea3) Importer(815301076,1909f56bfc062723c751e8b465ee728b)
Start importing Assets/Scripts/Core/BulletPool.cs using Guid(caae4da3c937e0348a163db791bf4ea3) Importer(815301076,1909f56bfc062723c751e8b465ee728b)  -> (artifact id: '1752dbd72a50b6c90a441fd4d322202c') in 0.010608 seconds
  Import took 0.014981 seconds .

========================================================================
Received Import Request.
  Time since last request: 10.791853 seconds.
  path: Assets/Scripts/Core/Player.cs
  artifactKey: Guid(9700d43805295fe48b5b183e6f1eb0f8) Importer(815301076,1909f56bfc062723c751e8b465ee728b)
Start importing Assets/Scripts/Core/Player.cs using Guid(9700d43805295fe48b5b183e6f1eb0f8) Importer(815301076,1909f56bfc062723c751e8b465ee728b)  -> (artifact id: '18c39cefae7de62c102ac67fc28b56ad') in 0.013255 seconds
  Import took 0.019043 seconds .

========================================================================
Received Import Request.
  Time since last request: 27.133980 seconds.
  path: Assets/Scenes/GameScene.unity
  artifactKey: Guid(2cda990e2423bbf4892e6590ba056729) Importer(815301076,1909f56bfc062723c751e8b465ee728b)
Start importing Assets/Scenes/GameScene.unity using Guid(2cda990e2423bbf4892e6590ba056729) Importer(815301076,1909f56bfc062723c751e8b465ee728b)  -> (artifact id: '3b99bd9f314dc8de0d17072d2718a8df') in 0.031658 seconds
  Import took 0.037355 seconds .

========================================================================
Received Import Request.
  Time since last request: 0.007384 seconds.
  path: Assets/Scenes/GameScene.unity
  artifactKey: Guid(2cda990e2423bbf4892e6590ba056729) Importer(815301076,1909f56bfc062723c751e8b465ee728b)
Start importing Assets/Scenes/GameScene.unity using Guid(2cda990e2423bbf4892e6590ba056729) Importer(815301076,1909f56bfc062723c751e8b465ee728b)  -> (artifact id: '3b99bd9f314dc8de0d17072d2718a8df') in 0.006441 seconds
  Import took 0.012973 seconds .

========================================================================
Received Prepare
Registering precompiled user dll's ...
Registered in 0.001634 seconds.
Begin MonoManager ReloadAssembly
Native extension for WindowsStandalone target not found
Refreshing native plugins compatible for Editor in 0.65 ms, found 1 plugins.
Preloading 0 native plugins for Editor in 0.00 ms.
Invoked RoslynAnalysisRunner static constructor.
RoslynAnalysisRunner will not be running.
RoslynAnalysisRunner has terminated.
Mono: successfully reloaded assembly
- Completed reload, in  1.228 seconds
Platform modules already initialized, skipping
Switching build target platform(5) subTarget(0) extendedPlatform(0) -> platform(13) subTarget(537395200) extendedPlatform(0)
Refreshing native plugins compatible for Editor in 0.45 ms, found 1 plugins.
Preloading 0 native plugins for Editor in 0.00 ms.
Unloading 1804 Unused Serialized files (Serialized files now loaded: 0)
System memory in use before: 86.6 MB.
System memory in use after: 86.6 MB.

Unloading 12 unused Assets to reduce memory usage. Loaded Objects now: 2268.
Total: 4.086700 ms (FindLiveObjects: 0.566100 ms CreateObjectMapping: 0.108300 ms MarkObjects: 3.225300 ms  DeleteObjects: 0.185100 ms)

AssetImportParameters requested are different than current active one (requested -> active):
  custom:graphics/normal-map-encoding: 01000000000000000000000000000000 -> 02000000000000000000000000000000
========================================================================
Received Import Request.
  Time since last request: 19792.754355 seconds.
  path: Assets/Scripts/Enemy/Boss.cs
  artifactKey: Guid(6fb1f09ba6567084b88c7fba63d7fec3) Importer(815301076,1909f56bfc062723c751e8b465ee728b)
Start importing Assets/Scripts/Enemy/Boss.cs using Guid(6fb1f09ba6567084b88c7fba63d7fec3) Importer(815301076,1909f56bfc062723c751e8b465ee728b)  -> (artifact id: 'c2c099e93fa9c59f7626dd0450677f99') in 0.012322 seconds
  Import took 0.016573 seconds .

========================================================================
Received Import Request.
  Time since last request: 0.015551 seconds.
  path: Assets/Scripts/Enemy/Boss.cs
  artifactKey: Guid(6fb1f09ba6567084b88c7fba63d7fec3) Importer(815301076,1909f56bfc062723c751e8b465ee728b)
Start importing Assets/Scripts/Enemy/Boss.cs using Guid(6fb1f09ba6567084b88c7fba63d7fec3) Importer(815301076,1909f56bfc062723c751e8b465ee728b)  -> (artifact id: 'c2c099e93fa9c59f7626dd0450677f99') in 0.003740 seconds
  Import took 0.007508 seconds .

========================================================================
Received Import Request.
  Time since last request: 4.872921 seconds.
  path: Assets/Scripts/Enemy/EnemyCore.cs
  artifactKey: Guid(a97c7f10aadd4d34daed013901f7c2fa) Importer(815301076,1909f56bfc062723c751e8b465ee728b)
Start importing Assets/Scripts/Enemy/EnemyCore.cs using Guid(a97c7f10aadd4d34daed013901f7c2fa) Importer(815301076,1909f56bfc062723c751e8b465ee728b)  -> (artifact id: '145e7c97e3eb2981397cd672a35f2e2f') in 0.008034 seconds
  Import took 0.012307 seconds .

========================================================================
Received Import Request.
  Time since last request: 3.341379 seconds.
  path: Assets/Scripts/UI/MainMenu.cs
  artifactKey: Guid(2d26fcf033ec41247af9aa68a8c11df7) Importer(815301076,1909f56bfc062723c751e8b465ee728b)
Start importing Assets/Scripts/UI/MainMenu.cs using Guid(2d26fcf033ec41247af9aa68a8c11df7) Importer(815301076,1909f56bfc062723c751e8b465ee728b)  -> (artifact id: 'd544da4c85692d6ff5d1ac2fa29defa4') in 0.009349 seconds
  Import took 0.012338 seconds .

========================================================================
Received Import Request.
  Time since last request: 13.868507 seconds.
  path: Assets/Scripts/Bullets/Homing.cs
  artifactKey: Guid(82ca8cdb59e9d6b468047c9d1205b50e) Importer(815301076,1909f56bfc062723c751e8b465ee728b)
Start importing Assets/Scripts/Bullets/Homing.cs using Guid(82ca8cdb59e9d6b468047c9d1205b50e) Importer(815301076,1909f56bfc062723c751e8b465ee728b)  -> (artifact id: '54726a4d047203183bcedb59871ea513') in 0.007550 seconds
  Import took 0.011425 seconds .

========================================================================
Received Prepare
Registering precompiled user dll's ...
Registered in 0.001251 seconds.
Begin MonoManager ReloadAssembly
Native extension for WindowsStandalone target not found
Refreshing native plugins compatible for Editor in 0.51 ms, found 1 plugins.
Preloading 0 native plugins for Editor in 0.00 ms.
Invoked RoslynAnalysisRunner static constructor.
RoslynAnalysisRunner will not be running.
RoslynAnalysisRunner has terminated.
Mono: successfully reloaded assembly
- Completed reload, in  0.759 seconds
Platform modules already initialized, skipping
Switching build target platform(5) subTarget(0) extendedPlatform(0) -> platform(13) subTarget(537395200) extendedPlatform(0)
Refreshing native plugins compatible for Editor in 0.35 ms, found 1 plugins.
Preloading 0 native plugins for Editor in 0.00 ms.
Unloading 1804 Unused Serialized files (Serialized files now loaded: 0)
System memory in use before: 86.7 MB.
System memory in use after: 86.7 MB.

Unloading 12 unused Assets to reduce memory usage. Loaded Objects now: 2271.
Total: 2.153800 ms (FindLiveObjects: 0.480100 ms CreateObjectMapping: 0.045600 ms MarkObjects: 1.517200 ms  DeleteObjects: 0.109100 ms)

AssetImportParameters requested are different than current active one (requested -> active):
  custom:graphics/normal-map-encoding: 01000000000000000000000000000000 -> 02000000000000000000000000000000
========================================================================
Received Import Request.
  Time since last request: 54.879081 seconds.
  path: Assets/Scripts/Bullets/Homing.cs
  artifactKey: Guid(82ca8cdb59e9d6b468047c9d1205b50e) Importer(815301076,1909f56bfc062723c751e8b465ee728b)
Start importing Assets/Scripts/Bullets/Homing.cs using Guid(82ca8cdb59e9d6b468047c9d1205b50e) Importer(815301076,1909f56bfc062723c751e8b465ee728b)  -> (artifact id: 'e3b72313803d6fec40da15c9b27666ae') in 0.007142 seconds
  Import took 0.010675 seconds .

========================================================================
Received Prepare
Registering precompiled user dll's ...
Registered in 0.033123 seconds.
Begin MonoManager ReloadAssembly
Native extension for WindowsStandalone target not found
Refreshing native plugins compatible for Editor in 0.38 ms, found 1 plugins.
Preloading 0 native plugins for Editor in 0.00 ms.
Invoked RoslynAnalysisRunner static constructor.
RoslynAnalysisRunner will not be running.
RoslynAnalysisRunner has terminated.
Mono: successfully reloaded assembly
- Completed reload, in  0.797 seconds
Platform modules already initialized, skipping
Switching build target platform(5) subTarget(0) extendedPlatform(0) -> platform(13) subTarget(537395200) extendedPlatform(0)
Refreshing native plugins compatible for Editor in 0.49 ms, found 1 plugins.
Preloading 0 native plugins for Editor in 0.00 ms.
Unloading 1804 Unused Serialized files (Serialized files now loaded: 0)
System memory in use before: 86.8 MB.
System memory in use after: 86.8 MB.

Unloading 12 unused Assets to reduce memory usage. Loaded Objects now: 2274.
Total: 2.566100 ms (FindLiveObjects: 0.231300 ms CreateObjectMapping: 0.112200 ms MarkObjects: 2.091100 ms  DeleteObjects: 0.129800 ms)

AssetImportParameters requested are different than current active one (requested -> active):
  custom:graphics/normal-map-encoding: 01000000000000000000000000000000 -> 02000000000000000000000000000000
========================================================================
Received Prepare
Registering precompiled user dll's ...
Registered in 0.001218 seconds.
Begin MonoManager ReloadAssembly
Native extension for WindowsStandalone target not found
Refreshing native plugins compatible for Editor in 0.37 ms, found 1 plugins.
Preloading 0 native plugins for Editor in 0.00 ms.
Invoked RoslynAnalysisRunner static constructor.
RoslynAnalysisRunner will not be running.
RoslynAnalysisRunner has terminated.
Mono: successfully reloaded assembly
- Completed reload, in  0.779 seconds
Platform modules already initialized, skipping
Switching build target platform(5) subTarget(0) extendedPlatform(0) -> platform(13) subTarget(537395200) extendedPlatform(0)
Refreshing native plugins compatible for Editor in 0.35 ms, found 1 plugins.
Preloading 0 native plugins for Editor in 0.00 ms.
Unloading 1804 Unused Serialized files (Serialized files now loaded: 0)
System memory in use before: 87.0 MB.
System memory in use after: 86.9 MB.

Unloading 12 unused Assets to reduce memory usage. Loaded Objects now: 2277.
Total: 2.386600 ms (FindLiveObjects: 0.234400 ms CreateObjectMapping: 0.080400 ms MarkObjects: 1.954100 ms  DeleteObjects: 0.116200 ms)

AssetImportParameters requested are different than current active one (requested -> active):
  custom:graphics/normal-map-encoding: 01000000000000000000000000000000 -> 02000000000000000000000000000000
========================================================================
Received Import Request.
  Time since last request: 65562.668608 seconds.
  path: Assets/Scripts/Enemy/EnemyCore.cs
  artifactKey: Guid(a97c7f10aadd4d34daed013901f7c2fa) Importer(815301076,1909f56bfc062723c751e8b465ee728b)
Start importing Assets/Scripts/Enemy/EnemyCore.cs using Guid(a97c7f10aadd4d34daed013901f7c2fa) Importer(815301076,1909f56bfc062723c751e8b465ee728b)  -> (artifact id: '5a258cad879f0c44d95ce77f1f4f439b') in 0.009817 seconds
  Import took 0.013774 seconds .

========================================================================
Received Prepare
Registering precompiled user dll's ...
Registered in 0.001302 seconds.
Begin MonoManager ReloadAssembly
Native extension for WindowsStandalone target not found
Refreshing native plugins compatible for Editor in 0.37 ms, found 1 plugins.
Preloading 0 native plugins for Editor in 0.00 ms.
Invoked RoslynAnalysisRunner static constructor.
RoslynAnalysisRunner will not be running.
RoslynAnalysisRunner has terminated.
Mono: successfully reloaded assembly
- Completed reload, in  0.784 seconds
Platform modules already initialized, skipping
Switching build target platform(5) subTarget(0) extendedPlatform(0) -> platform(13) subTarget(537395200) extendedPlatform(0)
Refreshing native plugins compatible for Editor in 0.35 ms, found 1 plugins.
Preloading 0 native plugins for Editor in 0.00 ms.
Unloading 1804 Unused Serialized files (Serialized files now loaded: 0)
System memory in use before: 87.1 MB.
System memory in use after: 87.1 MB.

Unloading 12 unused Assets to reduce memory usage. Loaded Objects now: 2280.
Total: 2.172700 ms (FindLiveObjects: 0.274300 ms CreateObjectMapping: 0.052300 ms MarkObjects: 1.676200 ms  DeleteObjects: 0.168600 ms)

AssetImportParameters requested are different than current active one (requested -> active):
  custom:graphics/normal-map-encoding: 01000000000000000000000000000000 -> 02000000000000000000000000000000
========================================================================
Received Import Request.
  Time since last request: 83.272132 seconds.
  path: Assets/Scripts/Bullets/Jellyfish.cs
  artifactKey: Guid(117bd9e181cb9d146b8cc3ba9c595e51) Importer(815301076,1909f56bfc062723c751e8b465ee728b)
Start importing Assets/Scripts/Bullets/Jellyfish.cs using Guid(117bd9e181cb9d146b8cc3ba9c595e51) Importer(815301076,1909f56bfc062723c751e8b465ee728b)  -> (artifact id: '774fbd04eac761c5a34af2c795865009') in 0.009489 seconds
  Import took 0.013518 seconds .

========================================================================
Received Import Request.
  Time since last request: 0.000910 seconds.
  path: Assets/Scripts/Bullets/Jellyfish.cs
  artifactKey: Guid(117bd9e181cb9d146b8cc3ba9c595e51) Importer(815301076,1909f56bfc062723c751e8b465ee728b)
Start importing Assets/Scripts/Bullets/Jellyfish.cs using Guid(117bd9e181cb9d146b8cc3ba9c595e51) Importer(815301076,1909f56bfc062723c751e8b465ee728b)  -> (artifact id: '774fbd04eac761c5a34af2c795865009') in 0.003363 seconds
  Import took 0.005949 seconds .

========================================================================
Received Import Request.
  Time since last request: 1.322566 seconds.
  path: Assets/Scripts/Bullets/Spiralling.cs
  artifactKey: Guid(84a783d64a8b3a543ba3dff6e470ddec) Importer(815301076,1909f56bfc062723c751e8b465ee728b)
Start importing Assets/Scripts/Bullets/Spiralling.cs using Guid(84a783d64a8b3a543ba3dff6e470ddec) Importer(815301076,1909f56bfc062723c751e8b465ee728b)  -> (artifact id: '606023f43ed5d0f7aaf33161e61e8a5b') in 0.007531 seconds
  Import took 0.011569 seconds .

========================================================================
Received Import Request.
  Time since last request: 0.001533 seconds.
  path: Assets/Scripts/Bullets/Spiralling.cs
  artifactKey: Guid(84a783d64a8b3a543ba3dff6e470ddec) Importer(815301076,1909f56bfc062723c751e8b465ee728b)
Start importing Assets/Scripts/Bullets/Spiralling.cs using Guid(84a783d64a8b3a543ba3dff6e470ddec) Importer(815301076,1909f56bfc062723c751e8b465ee728b)  -> (artifact id: '606023f43ed5d0f7aaf33161e61e8a5b') in 0.003722 seconds
  Import took 0.006412 seconds .

========================================================================
Received Import Request.
  Time since last request: 1.240584 seconds.
  path: Assets/Scripts/Bullets/Splitting.cs
  artifactKey: Guid(274d3ef68b721764b814b73786b56d2d) Importer(815301076,1909f56bfc062723c751e8b465ee728b)
Start importing Assets/Scripts/Bullets/Splitting.cs using Guid(274d3ef68b721764b814b73786b56d2d) Importer(815301076,1909f56bfc062723c751e8b465ee728b)  -> (artifact id: '55565abd23c19fa9c101a6159185e6cb') in 0.008513 seconds
  Import took 0.012298 seconds .

========================================================================
Received Prepare
Registering precompiled user dll's ...
Registered in 0.001255 seconds.
Begin MonoManager ReloadAssembly
Native extension for WindowsStandalone target not found
Refreshing native plugins compatible for Editor in 0.36 ms, found 1 plugins.
Preloading 0 native plugins for Editor in 0.00 ms.
Invoked RoslynAnalysisRunner static constructor.
RoslynAnalysisRunner will not be running.
RoslynAnalysisRunner has terminated.
Mono: successfully reloaded assembly
- Completed reload, in  0.796 seconds
Platform modules already initialized, skipping
Switching build target platform(5) subTarget(0) extendedPlatform(0) -> platform(13) subTarget(537395200) extendedPlatform(0)
Refreshing native plugins compatible for Editor in 0.35 ms, found 1 plugins.
Preloading 0 native plugins for Editor in 0.00 ms.
Unloading 1804 Unused Serialized files (Serialized files now loaded: 0)
System memory in use before: 87.2 MB.
System memory in use after: 87.2 MB.

Unloading 12 unused Assets to reduce memory usage. Loaded Objects now: 2283.
Total: 2.175300 ms (FindLiveObjects: 0.267400 ms CreateObjectMapping: 0.078400 ms MarkObjects: 1.710100 ms  DeleteObjects: 0.117900 ms)

AssetImportParameters requested are different than current active one (requested -> active):
  custom:graphics/normal-map-encoding: 01000000000000000000000000000000 -> 02000000000000000000000000000000
========================================================================
Received Import Request.
  Time since last request: 1299.433318 seconds.
  path: Assets/Scripts/Bullets/Splitting.cs
  artifactKey: Guid(274d3ef68b721764b814b73786b56d2d) Importer(815301076,1909f56bfc062723c751e8b465ee728b)
Start importing Assets/Scripts/Bullets/Splitting.cs using Guid(274d3ef68b721764b814b73786b56d2d) Importer(815301076,1909f56bfc062723c751e8b465ee728b)  -> (artifact id: 'f2303318bd471c7b03dad9670665654f') in 0.007129 seconds
  Import took 0.011184 seconds .

